<?xml version="1.0" encoding="UTF-8"?>
<testsuite name="RpsTest" tests="1" skipped="0" failures="0" errors="0" timestamp="2017-06-28T17:39:44" hostname="epicodus-8.local" time="0.001">
  <properties/>
  <testcase name="validateUserInput_TestsForRps_True" classname="RpsTest" time="0.001"/>
  <system-out><![CDATA[]]></system-out>
  <system-err><![CDATA[]]></system-err>
</testsuite>
